node:events:486
      throw er; // Unhandled 'error' event
      ^

Error: listen EADDRINUSE: address already in use :::8082
    at Server.setupListenHandle [as _listen2] (node:net:1940:16)
    at listenInCluster (node:net:1997:12)
    at Server.listen (node:net:2102:7)
    at app.listen (C:\Users\tajinder\Desktop\Scaler Project\Module 4\Backend\BookMyShow-FSProject\server\node_modules\express\lib\application.js:635:24)
    at Object.<anonymous> (C:\Users\tajinder\Desktop\Scaler Project\Module 4\Backend\BookMyShow-FSProject\server\server.js:182:5)
    at Module._compile (node:internal/modules/cjs/loader:1738:14)
    at Object..js (node:internal/modules/cjs/loader:1871:10)
    at Module.load (node:internal/modules/cjs/loader:1470:32)
    at Module._load (node:internal/modules/cjs/loader:1290:12)
    at TracingChannel.traceSync (node:diagnostics_channel:322:14)
Emitted 'error' event on Server instance at:
    at emitErrorNT (node:net:1976:8)
    at process.processTicksAndRejections (node:internal/process/task_queues:90:21) {
  code: 'EADDRINUSE',
  errno: -4091,
  syscall: 'listen',
  address: '::',
  port: 8082
}

Node.js v24.7.0
